Using pre-set license
Built from '2020.2/china_unity/release' branch; Version is '2020.2.5f1c1 (5e98a53e36cd) revision 6199461'; Using compiler version '192528614'; Build Type 'Release'
OS: 'Windows 10 Pro; OS build 19043.1645; Version 2009; 64bit' Language: 'zh' Physical Memory: 8101 MB
BatchMode: 1, IsHumanControllingUs: 0, StartBugReporterOnCrash: 0, Is64bit: 1, IsPro: 0

 COMMAND LINE ARGUMENTS:
D:\unity\2020.2.5\Unity\Editor\Unity.exe
-adb2
-batchMode
-noUpm
-name
AssetImportWorker0
-projectPath
D:/淘宝/800跑酷/兔子吃金币/My project
-logFile
Logs/AssetImportWorker0.log
-srvPort
57090
Successfully changed project path to: D:/淘宝/800跑酷/兔子吃金币/My project
D:/淘宝/800跑酷/兔子吃金币/My project
Using Asset Import Pipeline V2.
Refreshing native plugins compatible for Editor in 26.10 ms, found 0 plugins.
Preloading 0 native plugins for Editor in 0.00 ms.
Initialize engine version: 2020.2.5f1c1 (5e98a53e36cd)
[Subsystems] Discovering subsystems at path D:/unity/2020.2.5/Unity/Editor/Data/Resources/UnitySubsystems
[Subsystems] Discovering subsystems at path D:/淘宝/800跑酷/兔子吃金币/My project/Assets
GfxDevice: creating device client; threaded=0
Direct3D:
    Version:  Direct3D 11.0 [level 11.1]
    Renderer: NVIDIA GeForce MX150 (ID=0x1d12)
    Vendor:   
    VRAM:     1983 MB
    Driver:   23.21.13.9124
Initialize mono
Mono path[0] = 'D:/unity/2020.2.5/Unity/Editor/Data/Managed'
Mono path[1] = 'D:/unity/2020.2.5/Unity/Editor/Data/MonoBleedingEdge/lib/mono/unityjit'
Mono config path = 'D:/unity/2020.2.5/Unity/Editor/Data/MonoBleedingEdge/etc'
Using monoOptions --debugger-agent=transport=dt_socket,embedding=1,server=y,suspend=n,address=127.0.0.1:56512
Begin MonoManager ReloadAssembly
Registering precompiled unity dll's ...
Register platform support module: D:/unity/2020.2.5/Unity/Editor/Data/PlaybackEngines/WindowsStandaloneSupport/UnityEditor.WindowsStandalone.Extensions.dll
Registered in 0.001197 seconds.
Native extension for WindowsStandalone target not found
Refreshing native plugins compatible for Editor in 24.86 ms, found 0 plugins.
Preloading 0 native plugins for Editor in 0.00 ms.
Invoked RoslynAnalysisRunner static constructor.
RoslynAnalysisRunner will not be running.
RoslynAnalysisRunner has terminated.
Mono: successfully reloaded assembly
- Completed reload, in  0.827 seconds
Platform modules already initialized, skipping
Registering precompiled user dll's ...
Registered in 0.000790 seconds.
Begin MonoManager ReloadAssembly
Native extension for WindowsStandalone target not found
Refreshing native plugins compatible for Editor in 0.23 ms, found 0 plugins.
Preloading 0 native plugins for Editor in 0.00 ms.
Invoked RoslynAnalysisRunner static constructor.
RoslynAnalysisRunner will not be running.
RoslynAnalysisRunner has terminated.
Mono: successfully reloaded assembly
- Completed reload, in  0.948 seconds
Platform modules already initialized, skipping
========================================================================
Worker process is ready to serve import requests
Launched and connected shader compiler UnityShaderCompiler.exe after 0.14 seconds
Refreshing native plugins compatible for Editor in 0.20 ms, found 0 plugins.
Preloading 0 native plugins for Editor in 0.00 ms.
Unloading 1111 Unused Serialized files (Serialized files now loaded: 0)
System memory in use before: 56.7 MB.
System memory in use after: 56.8 MB.

Unloading 9 unused Assets to reduce memory usage. Loaded Objects now: 1553.
Total: 1.843300 ms (FindLiveObjects: 0.160200 ms CreateObjectMapping: 0.046000 ms MarkObjects: 1.566500 ms  DeleteObjects: 0.068800 ms)

========================================================================
Received Import Request.
  path: Assets/obj_1.prefab
  artifactKey: Guid(295380207251ced429fd0f8ac7b94757) Importer(815301076,1909f56bfc062723c751e8b465ee728b)
Start importing Assets/obj_1.prefab using Guid(295380207251ced429fd0f8ac7b94757) Importer(815301076,1909f56bfc062723c751e8b465ee728b)  -> (artifact id: 'b6af47bb1db62f50ced6f3f37735849c') in 0.058327 seconds
  Import took 0.060749 seconds .

========================================================================
Received Import Request.
  Time since last request: 0.000321 seconds.
  path: Assets/obj_2.prefab
  artifactKey: Guid(3bd26e389831203489110bd3eb0e1b68) Importer(815301076,1909f56bfc062723c751e8b465ee728b)
Start importing Assets/obj_2.prefab using Guid(3bd26e389831203489110bd3eb0e1b68) Importer(815301076,1909f56bfc062723c751e8b465ee728b)  -> (artifact id: 'edb8613392b8c56f397555b901ebd6f9') in 0.009170 seconds
  Import took 0.011564 seconds .

========================================================================
Received Import Request.
  Time since last request: 0.000330 seconds.
  path: Assets/music.mp3
  artifactKey: Guid(a3fd2a7f5a723d9418263da8e366b832) Importer(815301076,1909f56bfc062723c751e8b465ee728b)
Start importing Assets/music.mp3 using Guid(a3fd2a7f5a723d9418263da8e366b832) Importer(815301076,1909f56bfc062723c751e8b465ee728b)  -> (artifact id: 'fb1311fcc1d916f71c3d0de6cfddb958') in 0.094115 seconds
  Import took 0.096366 seconds .

========================================================================
Received Import Request.
  Time since last request: 0.000419 seconds.
  path: Assets/Startbg.jpg
  artifactKey: Guid(323c2231f934e3d4f9ca5d688f46fe31) Importer(815301076,1909f56bfc062723c751e8b465ee728b)
Start importing Assets/Startbg.jpg using Guid(323c2231f934e3d4f9ca5d688f46fe31) Importer(815301076,1909f56bfc062723c751e8b465ee728b)  -> (artifact id: '4fd3cd6cf01c9e539b4a7d1f189f8bd9') in 0.133509 seconds
  Import took 0.135608 seconds .

========================================================================
Received Import Request.
  Time since last request: 0.000327 seconds.
  path: Assets/bg.jpg
  artifactKey: Guid(59c28ed3550120c429aeb66b5685715f) Importer(815301076,1909f56bfc062723c751e8b465ee728b)
Start importing Assets/bg.jpg using Guid(59c28ed3550120c429aeb66b5685715f) Importer(815301076,1909f56bfc062723c751e8b465ee728b)  -> (artifact id: 'bab915f2f78bac1357e30b9af441dafb') in 0.042612 seconds
  Import took 0.044699 seconds .

========================================================================
Received Import Request.
  Time since last request: 0.000330 seconds.
  path: Assets/obj_3.prefab
  artifactKey: Guid(585c2369d0280924a86a681c023bb288) Importer(815301076,1909f56bfc062723c751e8b465ee728b)
Start importing Assets/obj_3.prefab using Guid(585c2369d0280924a86a681c023bb288) Importer(815301076,1909f56bfc062723c751e8b465ee728b)  -> (artifact id: 'c9a2a8ed9afcabf7ca079911e1f1fdb5') in 0.006895 seconds
  Import took 0.009516 seconds .

========================================================================
Received Import Request.
  Time since last request: 1.924340 seconds.
  path: Assets/Scenes/SampleScene.unity
  artifactKey: Guid(2cda990e2423bbf4892e6590ba056729) Importer(815301076,1909f56bfc062723c751e8b465ee728b)
Start importing Assets/Scenes/SampleScene.unity using Guid(2cda990e2423bbf4892e6590ba056729) Importer(815301076,1909f56bfc062723c751e8b465ee728b)  -> (artifact id: 'b8d1d12fa019bd40a3bbe4664ea068cf') in 0.005477 seconds
  Import took 0.007742 seconds .

========================================================================
Received Import Request.
  Time since last request: 0.014533 seconds.
  path: Assets/Scenes/SampleScene.unity
  artifactKey: Guid(2cda990e2423bbf4892e6590ba056729) Importer(815301076,1909f56bfc062723c751e8b465ee728b)
Start importing Assets/Scenes/SampleScene.unity using Guid(2cda990e2423bbf4892e6590ba056729) Importer(815301076,1909f56bfc062723c751e8b465ee728b)  -> (artifact id: 'b8d1d12fa019bd40a3bbe4664ea068cf') in 0.002757 seconds
  Import took 0.004776 seconds .

========================================================================
Received Import Request.
  Time since last request: 5.907520 seconds.
  path: Assets/Scenes/Start.unity
  artifactKey: Guid(2aaade14d47670c47bfa34a77484dd0f) Importer(815301076,1909f56bfc062723c751e8b465ee728b)
Start importing Assets/Scenes/Start.unity using Guid(2aaade14d47670c47bfa34a77484dd0f) Importer(815301076,1909f56bfc062723c751e8b465ee728b)  -> (artifact id: '9be9a48a25fe2e8b310a902e0581cbad') in 0.007431 seconds
  Import took 0.009863 seconds .

========================================================================
Received Import Request.
  Time since last request: 146.739742 seconds.
  path: Assets/Scenes
  artifactKey: Guid(1645db0e5d237dd4cb53c167b505f74f) Importer(815301076,1909f56bfc062723c751e8b465ee728b)
Start importing Assets/Scenes using Guid(1645db0e5d237dd4cb53c167b505f74f) Importer(815301076,1909f56bfc062723c751e8b465ee728b)  -> (artifact id: 'cae21fd56bb306261a40f3ca7a04f962') in 0.006568 seconds
  Import took 0.009201 seconds .

========================================================================
Received Import Request.
  Time since last request: 34.975526 seconds.
  path: Assets/Script/Buttonevents.cs
  artifactKey: Guid(06ec604f2f870854c97a5b5052f01a93) Importer(815301076,1909f56bfc062723c751e8b465ee728b)
Start importing Assets/Script/Buttonevents.cs using Guid(06ec604f2f870854c97a5b5052f01a93) Importer(815301076,1909f56bfc062723c751e8b465ee728b)  -> (artifact id: 'e707eb175e64a9350213235bdd4f603a') in 0.023568 seconds
  Import took 0.025607 seconds .

========================================================================
Received Prepare
Registering precompiled user dll's ...
Registered in 0.000599 seconds.
Begin MonoManager ReloadAssembly
Native extension for WindowsStandalone target not found
Refreshing native plugins compatible for Editor in 0.24 ms, found 0 plugins.
Preloading 0 native plugins for Editor in 0.00 ms.
Invoked RoslynAnalysisRunner static constructor.
RoslynAnalysisRunner will not be running.
RoslynAnalysisRunner has terminated.
Mono: successfully reloaded assembly
- Completed reload, in  0.947 seconds
Platform modules already initialized, skipping
Refreshing native plugins compatible for Editor in 0.26 ms, found 0 plugins.
Preloading 0 native plugins for Editor in 0.00 ms.
Unloading 1079 Unused Serialized files (Serialized files now loaded: 0)
System memory in use before: 59.3 MB.
System memory in use after: 59.4 MB.

Unloading 3 unused Assets to reduce memory usage. Loaded Objects now: 1569.
Total: 1.818700 ms (FindLiveObjects: 0.176300 ms CreateObjectMapping: 0.047100 ms MarkObjects: 1.577500 ms  DeleteObjects: 0.016500 ms)

========================================================================
Received Import Request.
  Time since last request: 23.184589 seconds.
  path: Assets/Script/Collision.cs
  artifactKey: Guid(bae7d79fb70c06441b73009aa8ebd719) Importer(815301076,1909f56bfc062723c751e8b465ee728b)
Start importing Assets/Script/Collision.cs using Guid(bae7d79fb70c06441b73009aa8ebd719) Importer(815301076,1909f56bfc062723c751e8b465ee728b)  -> (artifact id: '394e64d07df1ebfd68e7236b5e468556') in 0.007469 seconds
  Import took 0.009955 seconds .

========================================================================
Received Import Request.
  Time since last request: 0.004153 seconds.
  path: Assets/Script/Collision.cs
  artifactKey: Guid(bae7d79fb70c06441b73009aa8ebd719) Importer(815301076,1909f56bfc062723c751e8b465ee728b)
Start importing Assets/Script/Collision.cs using Guid(bae7d79fb70c06441b73009aa8ebd719) Importer(815301076,1909f56bfc062723c751e8b465ee728b)  -> (artifact id: '394e64d07df1ebfd68e7236b5e468556') in 0.002087 seconds
  Import took 0.004973 seconds .

========================================================================
Received Prepare
Registering precompiled user dll's ...
Registered in 0.000633 seconds.
Begin MonoManager ReloadAssembly
Native extension for WindowsStandalone target not found
Refreshing native plugins compatible for Editor in 0.20 ms, found 0 plugins.
Preloading 0 native plugins for Editor in 0.00 ms.
Invoked RoslynAnalysisRunner static constructor.
RoslynAnalysisRunner will not be running.
RoslynAnalysisRunner has terminated.
Mono: successfully reloaded assembly
- Completed reload, in  0.941 seconds
Platform modules already initialized, skipping
Refreshing native plugins compatible for Editor in 0.19 ms, found 0 plugins.
Preloading 0 native plugins for Editor in 0.00 ms.
Unloading 1079 Unused Serialized files (Serialized files now loaded: 0)
System memory in use before: 59.4 MB.
System memory in use after: 59.5 MB.

Unloading 3 unused Assets to reduce memory usage. Loaded Objects now: 1571.
Total: 2.068000 ms (FindLiveObjects: 0.187100 ms CreateObjectMapping: 0.050600 ms MarkObjects: 1.810200 ms  DeleteObjects: 0.018600 ms)

========================================================================
Received Prepare
Registering precompiled user dll's ...
Registered in 0.000715 seconds.
Begin MonoManager ReloadAssembly
Native extension for WindowsStandalone target not found
Refreshing native plugins compatible for Editor in 0.23 ms, found 0 plugins.
Preloading 0 native plugins for Editor in 0.00 ms.
Invoked RoslynAnalysisRunner static constructor.
RoslynAnalysisRunner will not be running.
RoslynAnalysisRunner has terminated.
Mono: successfully reloaded assembly
- Completed reload, in  1.079 seconds
Platform modules already initialized, skipping
Refreshing native plugins compatible for Editor in 0.22 ms, found 0 plugins.
Preloading 0 native plugins for Editor in 0.00 ms.
Unloading 1079 Unused Serialized files (Serialized files now loaded: 0)
System memory in use before: 59.4 MB.
System memory in use after: 59.5 MB.

Unloading 3 unused Assets to reduce memory usage. Loaded Objects now: 1573.
Total: 2.576200 ms (FindLiveObjects: 0.254300 ms CreateObjectMapping: 0.075800 ms MarkObjects: 2.224600 ms  DeleteObjects: 0.020300 ms)

========================================================================
Received Prepare
Registering precompiled user dll's ...
Registered in 0.000676 seconds.
Begin MonoManager ReloadAssembly
Native extension for WindowsStandalone target not found
Refreshing native plugins compatible for Editor in 0.22 ms, found 0 plugins.
Preloading 0 native plugins for Editor in 0.00 ms.
Invoked RoslynAnalysisRunner static constructor.
RoslynAnalysisRunner will not be running.
RoslynAnalysisRunner has terminated.
Mono: successfully reloaded assembly
- Completed reload, in  0.905 seconds
Platform modules already initialized, skipping
Refreshing native plugins compatible for Editor in 0.19 ms, found 0 plugins.
Preloading 0 native plugins for Editor in 0.00 ms.
Unloading 1079 Unused Serialized files (Serialized files now loaded: 0)
System memory in use before: 59.4 MB.
System memory in use after: 59.5 MB.

Unloading 3 unused Assets to reduce memory usage. Loaded Objects now: 1575.
Total: 2.917900 ms (FindLiveObjects: 0.246400 ms CreateObjectMapping: 0.153100 ms MarkObjects: 2.484300 ms  DeleteObjects: 0.032100 ms)

AssetImportWorkerClient::OnTransportError - code=2 error=End of file
